[debug] [2020-05-16T21:37:51.274Z] ----------------------------------------------------------------------
[debug] [2020-05-16T21:37:51.277Z] Command:       /usr/local/bin/node /usr/local/bin/firebase deploy
[debug] [2020-05-16T21:37:51.277Z] CLI Version:   6.1.2
[debug] [2020-05-16T21:37:51.277Z] Platform:      darwin
[debug] [2020-05-16T21:37:51.277Z] Node Version:  v10.14.0
[debug] [2020-05-16T21:37:51.277Z] Time:          Sun May 17 2020 04:07:51 GMT+0630 (Myanmar Time)
[debug] [2020-05-16T21:37:51.278Z] ----------------------------------------------------------------------
[debug] 
[debug] [2020-05-16T21:37:51.287Z] > command requires scopes: ["email","openid","https://www.googleapis.com/auth/cloudplatformprojects.readonly","https://www.googleapis.com/auth/firebase","https://www.googleapis.com/auth/cloud-platform"]
[debug] [2020-05-16T21:37:51.287Z] > authorizing via signed-in user
[debug] [2020-05-16T21:37:51.287Z] [iam] checking project exercies-1004 for permissions ["firebase.projects.get","firebasehosting.sites.update"]
[debug] [2020-05-16T21:37:51.289Z] >>> HTTP REQUEST POST https://cloudresourcemanager.googleapis.com/v1/projects/exercies-1004:testIamPermissions  

[debug] [2020-05-16T21:37:52.555Z] <<< HTTP RESPONSE 200
[debug] [2020-05-16T21:37:52.557Z] >>> HTTP REQUEST GET https://firebase.googleapis.com/v1beta1/projects/exercies-1004  
 
[debug] [2020-05-16T21:37:53.063Z] <<< HTTP RESPONSE 200
[info] 
[info] === Deploying to 'exercies-1004'...
[info] 
[info] i  deploying hosting
[debug] [2020-05-16T21:37:53.068Z] >>> HTTP REQUEST POST https://firebasehosting.googleapis.com/v1beta1/sites/exercies-1004/versions  

[debug] [2020-05-16T21:37:55.564Z] <<< HTTP RESPONSE 200
[info] i  hosting[exercies-1004]: beginning deploy...
[info] i  hosting[exercies-1004]: found 23 files in dist/english-dashboard-management/
[debug] [2020-05-16T21:37:55.577Z] [hosting] hash cache [ZGlzdC9lbmdsaXNoLWRhc2hib2FyZC1tYW5hZ2VtZW50] not populated
[debug] [2020-05-16T21:37:57.500Z] [hosting] hash cache [ZGlzdC9lbmdsaXNoLWRhc2hib2FyZC1tYW5hZ2VtZW50] stored for 23 files
[debug] [2020-05-16T21:37:57.501Z] [hosting][hash queue][FINAL]
[debug] [2020-05-16T21:37:57.501Z] >>> HTTP REQUEST POST https://firebasehosting.googleapis.com/v1beta1/sites/exercies-1004/versions/04c0cfd97047f64d:populateFiles  
 <request body omitted>
[debug] [2020-05-16T21:37:59.309Z] <<< HTTP RESPONSE 200
[debug] [2020-05-16T21:37:59.323Z] [hosting][populate queue][FINAL]
[debug] [2020-05-16T21:37:59.323Z] [hosting] uploads queued: 22
